number,value,datetime_start,datetime_complete,duration,params_alpha,params_t_glob,params_thresh,state
264,1.6944365063240492,2026-08-18 10:33:34.830292,2026-08-18 10:33:35.832806,0 days 00:00:01.002514,0.834304930272898,0.5890131321936689,0.0786457902257113,COMPLETE
265,0.47886516790006667,2026-08-18 10:33:35.832945,2026-08-18 10:33:36.841518,0 days 00:00:01.008573,0.7085496003882676,0.2717628017580506,0.02360903996652282,COMPLETE
266,0.613504371470966,2026-08-18 10:33:36.841668,2026-08-18 10:33:37.838943,0 days 00:00:00.997275,1.049300777624113,0.4717043333300891,0.00023070992586522604,COMPLETE
267,0.8195645025568407,2026-08-18 10:33:37.839090,2026-08-18 10:33:38.833936,0 days 00:00:00.994846,1.2162962740972465,0.7511793750429729,0.04082922496627166,COMPLETE
268,0.6651138194713838,2026-08-18 10:33:38.834074,2026-08-18 10:33:39.838603,0 days 00:00:01.004529,0.9098915033070535,0.10215178871354402,0.0595554948591521,COMPLETE
269,0.356194853829815,2026-08-18 10:33:39.838745,2026-08-18 10:33:40.859634,0 days 00:00:01.020889,1.0916138574116625,0.31786204385291,0.021149648637819533,COMPLETE
270,0.7828905217958413,2026-08-18 10:33:40.859774,2026-08-18 10:33:41.869769,0 days 00:00:01.009995,1.3562263428079133,0.5857343908750723,0.037537073741855706,COMPLETE
271,0.42903693416834887,2026-08-18 10:33:41.869901,2026-08-18 10:33:42.863097,0 days 00:00:00.993196,0.9781537161098897,0.4358219122355877,0.017607946785851404,COMPLETE
272,0.46928190015878984,2026-08-18 10:33:42.863233,2026-08-18 10:33:43.890274,0 days 00:00:01.027041,0.7112433226790671,0.2653772973766347,0.05856130065785055,COMPLETE
273,0.4752352644296114,2026-08-18 10:33:43.890410,2026-08-18 10:33:44.912590,0 days 00:00:01.022180,1.2562313379535794,0.10516090338163601,8.985957772084737e-05,COMPLETE
274,0.774688870210788,2026-08-18 10:33:44.912728,2026-08-18 10:33:45.923362,0 days 00:00:01.010634,0.8533234881374714,0.7997664891720964,0.03881892308681449,COMPLETE
275,0.6955338690348591,2026-08-18 10:33:45.923498,2026-08-18 10:33:46.915443,0 days 00:00:00.991945,1.149059121069411,0.4738051838905696,0.019855364950900938,COMPLETE
276,1.3973956717283789,2026-08-18 10:33:46.915579,2026-08-18 10:33:47.922038,0 days 00:00:01.006459,1.0249092363018755,8.049544194156407,0.0871977321747026,COMPLETE
277,0.3135610030850582,2026-08-18 10:33:47.922178,2026-08-18 10:33:48.938884,0 days 00:00:01.016706,0.9485504272497327,0.29532088311697385,0.018279357015037842,COMPLETE
278,0.9237891810873099,2026-08-18 10:33:48.939017,2026-08-18 10:33:49.948747,0 days 00:00:01.009730,0.8408470355158425,0.6322112496264715,0.04693559719733667,COMPLETE
279,0.3496924611419992,2026-08-18 10:33:49.948880,2026-08-18 10:33:50.973060,0 days 00:00:01.024180,0.7423544496845552,0.407648878738768,0.0003068286394809841,COMPLETE
280,1.2571256519612386,2026-08-18 10:33:50.973192,2026-08-18 10:33:51.983725,0 days 00:00:01.010533,0.949906624991428,0.6800396378377509,0.03611620178388686,COMPLETE
281,0.5454810959556505,2026-08-18 10:33:51.983861,2026-08-18 10:33:52.987762,0 days 00:00:01.003901,1.1731051459302837,0.10564336841144656,0.0664051748936572,COMPLETE
282,2.6721401482760894,2026-08-18 10:33:52.987900,2026-08-18 10:33:54.010786,0 days 00:00:01.022886,-2.735922976428067,0.4041677700893249,0.018921639838744713,COMPLETE
283,0.5437807945957038,2026-08-18 10:33:54.010930,2026-08-18 10:33:55.032904,0 days 00:00:01.021974,0.6043504851322345,0.27793915472811676,0.01790160655129325,COMPLETE
284,0.9776521499801691,2026-08-18 10:33:55.033032,2026-08-18 10:33:56.028049,0 days 00:00:00.995017,0.9944493151896872,0.5148993987838717,0.0459854066206837,COMPLETE
285,0.9565011878960858,2026-08-18 10:33:56.028188,2026-08-18 10:33:57.027037,0 days 00:00:00.998849,1.3144352020667442,0.8497924485998728,0.0005984583054736772,COMPLETE
286,0.33144033951070606,2026-08-18 10:33:57.027177,2026-08-18 10:33:58.040626,0 days 00:00:01.013449,0.8678783756148182,0.29640179972737885,0.03115400808065399,COMPLETE
287,0.59345461415895,2026-08-18 10:33:58.040771,2026-08-18 10:33:59.057420,0 days 00:00:01.016649,1.0463985322624223,0.10158076264561447,0.062178203733949805,COMPLETE
288,0.5845430707443325,2026-08-18 10:33:59.057573,2026-08-18 10:34:00.063537,0 days 00:00:01.005964,0.7608862142850068,0.6401815543340277,0.0001166392657879732,COMPLETE
289,0.6547779130793088,2026-08-18 10:34:00.063679,2026-08-18 10:34:01.071633,0 days 00:00:01.007954,1.1658858335807891,0.41134808187611593,0.030983463775096986,COMPLETE
290,0.7157471461714889,2026-08-18 10:34:01.071777,2026-08-18 10:34:02.073044,0 days 00:00:01.001267,1.4490155734808832,0.5802988733121052,0.018285771097879187,COMPLETE
291,0.350485539709148,2026-08-18 10:34:02.073187,2026-08-18 10:34:03.075409,0 days 00:00:01.002222,0.9635460918978519,0.2834128869070091,0.04922641110065104,COMPLETE
292,1.1275211441585953,2026-08-18 10:34:03.075541,2026-08-18 10:34:04.075946,0 days 00:00:01.000405,1.2477094728584248,0.911054481062332,0.08469219175374955,COMPLETE
293,1.154761375955574,2026-08-18 10:34:04.076106,2026-08-18 10:34:05.073020,0 days 00:00:00.996914,0.8769752291584598,5.311852149074951,0.019879669230052504,COMPLETE
294,0.8347379092367836,2026-08-18 10:34:05.073154,2026-08-18 10:34:06.072858,0 days 00:00:00.999704,1.09188549178488,0.46217514361940104,0.03859096461537208,COMPLETE
295,0.5497759022085623,2026-08-18 10:34:06.072993,2026-08-18 10:34:07.080808,0 days 00:00:01.007815,0.6448672646895899,0.2775430180501573,0.06431121649976666,COMPLETE
296,0.809864698877843,2026-08-18 10:34:07.080940,2026-08-18 10:34:08.086397,0 days 00:00:01.005457,0.9958442192559983,0.7331888208967747,0.02049416466130189,COMPLETE
297,0.7799084208137746,2026-08-18 10:34:08.086532,2026-08-18 10:34:09.116297,0 days 00:00:01.029765,0.7743646367157846,0.10210211653542284,0.03711328390600174,COMPLETE
298,1.4022734109583692,2026-08-18 10:34:09.116428,2026-08-18 10:34:10.128722,0 days 00:00:01.012294,1.1755081263575953,0.46382277886114787,0.8400289330226279,COMPLETE
299,0.3852635023611639,2026-08-18 10:34:10.128855,2026-08-18 10:34:11.135878,0 days 00:00:01.007023,1.3177867202479252,0.2721367442829407,0.0007594357997297596,COMPLETE
300,0.7325394825048485,2026-08-18 10:34:11.136014,2026-08-18 10:34:12.198031,0 days 00:00:01.062017,0.9143546400125576,0.6329366641244714,0.019053613280959825,COMPLETE
301,0.353034545821292,2026-08-18 10:34:12.198179,2026-08-18 10:34:13.211326,0 days 00:00:01.013147,1.0644634865236882,0.28548550953058566,0.05307623019138208,COMPLETE
302,0.5145468701533384,2026-08-18 10:34:13.211472,2026-08-18 10:34:14.231920,0 days 00:00:01.020448,0.8289187938393491,0.5351333185366194,0.0007564952772763749,COMPLETE
303,0.6056700488447695,2026-08-18 10:34:14.232056,2026-08-18 10:34:15.251444,0 days 00:00:01.019388,1.1670240450181597,0.3995998911297851,0.035611049759634354,COMPLETE
304,1.0327010083214017,2026-08-18 10:34:15.251581,2026-08-18 10:34:16.238857,0 days 00:00:00.987276,1.004790281689336,1.0393256626762784,0.07039452930999603,COMPLETE
305,0.9175010115115149,2026-08-18 10:34:16.239029,2026-08-18 10:34:17.242991,0 days 00:00:01.003962,1.4336226219904873,0.7857571676280726,0.015525594249764891,COMPLETE
306,0.6807735215975559,2026-08-18 10:34:17.243126,2026-08-18 10:34:18.264078,0 days 00:00:01.020952,0.9302049592159354,0.10177934839292671,0.045234589386680894,COMPLETE
307,0.38628698198909683,2026-08-18 10:34:18.264212,2026-08-18 10:34:19.269392,0 days 00:00:01.005180,1.2690918488859917,0.2872538641181655,0.0003230583628344215,COMPLETE
308,0.7493526775126621,2026-08-18 10:34:19.269526,2026-08-18 10:34:20.271271,0 days 00:00:01.001745,1.095758698601373,0.49293424981248246,0.03215645648903516,COMPLETE
309,0.5064967392928469,2026-08-18 10:34:20.271405,2026-08-18 10:34:21.265473,0 days 00:00:00.994068,0.6997494981734085,0.6676962130971409,0.01895758112187221,COMPLETE
310,0.4120634052096534,2026-08-18 10:34:21.265607,2026-08-18 10:34:22.276582,0 days 00:00:01.010975,0.8623244821191683,0.27196753174967697,0.08969086139918075,COMPLETE
311,0.8433676266285836,2026-08-18 10:34:22.276724,2026-08-18 10:34:23.278989,0 days 00:00:01.002265,1.003547296739071,0.44682230070363926,0.056782094670935826,COMPLETE
312,0.3322707697684331,2026-08-18 10:34:23.279126,2026-08-18 10:34:24.288296,0 days 00:00:01.009170,1.1745556301955526,0.25504397238356696,0.033487905126045346,COMPLETE
313,0.4882009320095876,2026-08-18 10:34:24.288430,2026-08-18 10:34:25.300667,0 days 00:00:01.012237,1.0795525643527115,0.11305945752976679,0.017062598181162777,COMPLETE
314,0.9778974017925262,2026-08-18 10:34:25.300822,2026-08-18 10:34:26.307417,0 days 00:00:01.006595,0.9300459720361023,0.6047426501313098,0.051493246635589934,COMPLETE
315,0.777478954744245,2026-08-18 10:34:26.307547,2026-08-18 10:34:27.320751,0 days 00:00:01.013204,1.3248949580609164,0.42359165281060873,0.017477645374102367,COMPLETE
316,0.8501095137311284,2026-08-18 10:34:27.320882,2026-08-18 10:34:28.346441,0 days 00:00:01.025559,0.7993087921221249,0.10198321238713082,0.03348976922876819,COMPLETE
317,1.0427182607917225,2026-08-18 10:34:28.346576,2026-08-18 10:34:29.352886,0 days 00:00:01.006310,1.2297180788949174,0.7789670138726638,0.0012494341172709523,COMPLETE
318,0.9984816028878319,2026-08-18 10:34:29.353017,2026-08-18 10:34:30.353583,0 days 00:00:01.000566,1.0750247437840335,0.40471909872129397,0.06762829826795626,COMPLETE
319,0.570433475180066,2026-08-18 10:34:30.353721,2026-08-18 10:34:31.366258,0 days 00:00:01.012537,0.614163015718094,0.2794769847172761,0.019990449629549482,COMPLETE
320,0.6763301345843589,2026-08-18 10:34:31.366393,2026-08-18 10:34:32.367671,0 days 00:00:01.001278,0.945409787627526,0.5441885093123632,0.04008235100237916,COMPLETE
321,0.8376358672533066,2026-08-18 10:34:32.367810,2026-08-18 10:34:33.377158,0 days 00:00:01.009348,1.1347970378145005,0.8907069226841655,0.01796874989320181,COMPLETE
322,0.3690307828088836,2026-08-18 10:34:33.377287,2026-08-18 10:34:34.398815,0 days 00:00:01.021528,0.8009495626538753,0.2815418987591356,0.04996076665668745,COMPLETE
323,0.5275247352997032,2026-08-18 10:34:34.398946,2026-08-18 10:34:35.398240,0 days 00:00:00.999294,0.9987865979916536,0.6329424041336313,0.0014805983705242422,COMPLETE
324,0.46235404741393105,2026-08-18 10:34:35.398386,2026-08-18 10:34:36.405554,0 days 00:00:01.007168,1.3405115080617183,0.10063908984248024,0.03395939757459104,COMPLETE
325,0.7345100891248766,2026-08-18 10:34:36.405693,2026-08-18 10:34:37.405792,0 days 00:00:01.000099,0.887142227492405,0.4407889019770408,0.07076193128937514,COMPLETE
326,0.35268420275687096,2026-08-18 10:34:37.405933,2026-08-18 10:34:38.430146,0 days 00:00:01.024213,1.200982550137236,0.2920186590960126,0.00042424575275179163,COMPLETE
327,1.0542860002295087,2026-08-18 10:34:38.430283,2026-08-18 10:34:39.458290,0 days 00:00:01.028007,1.0561316283276747,0.6215787917850005,0.031562816969322297,COMPLETE
328,0.9666417624588954,2026-08-18 10:34:39.458454,2026-08-18 10:34:40.499222,0 days 00:00:01.040768,0.7125492316369991,0.10141912355965141,0.018801392222505167,COMPLETE
329,0.7494889713037417,2026-08-18 10:34:40.499380,2026-08-18 10:34:41.526274,0 days 00:00:01.026894,0.9643025840264209,0.4606794716576214,0.056063964037062,COMPLETE
330,1.1259482614954432,2026-08-18 10:34:41.526418,2026-08-18 10:34:42.537564,0 days 00:00:01.011146,1.4481509781491235,0.7794449379134654,0.08636312094448127,COMPLETE
331,,2026-08-18 10:34:42.537711,2026-08-18 10:34:43.543793,0 days 00:00:01.006082,1.2170871874993097,5.778270764547803,0.0002814054995528989,PRUNED
332,0.4075826775801199,2026-08-18 10:34:43.543900,2026-08-18 10:34:44.545771,0 days 00:00:01.001871,1.0877599574365335,0.3107333259933682,0.04229057373873539,COMPLETE
333,0.3669158095051157,2026-08-18 10:34:44.545915,2026-08-18 10:34:45.564319,0 days 00:00:01.018404,0.8562811445414089,0.44856553873483607,0.02046516327822125,COMPLETE
334,0.7105034662671904,2026-08-18 10:34:45.564450,2026-08-18 10:34:46.567099,0 days 00:00:01.002649,0.5342395458162419,1.012708452553324,0.0326273726425256,COMPLETE
335,1.0099338047634523,2026-08-18 10:34:46.567237,2026-08-18 10:34:47.576239,0 days 00:00:01.009002,0.7684518303092687,0.5829632614516391,0.056799640564272474,COMPLETE
336,0.32046178802878406,2026-08-18 10:34:47.576377,2026-08-18 10:34:48.580438,0 days 00:00:01.004061,1.0558292807131076,0.254343689686576,0.0168344804489101,COMPLETE
337,1.3006092943601095,2026-08-18 10:34:48.580576,2026-08-18 10:34:49.577478,0 days 00:00:00.996902,0.9317349957622052,9.510710734476408,0.015377335928932475,COMPLETE
338,1.8491944441905601,2026-08-18 10:34:49.577613,2026-08-18 10:34:50.598129,0 days 00:00:01.020516,-0.9474702879595891,0.2947018251768783,0.0006364799723811085,COMPLETE
339,0.4457968078234346,2026-08-18 10:34:50.598267,2026-08-18 10:34:51.597312,0 days 00:00:00.999045,1.2698965964439135,0.10073584835253915,0.020722139168015963,COMPLETE
340,0.9125799585270882,2026-08-18 10:34:51.597446,2026-08-18 10:34:52.591049,0 days 00:00:00.993603,1.1376800203176947,0.6821392308988019,0.017412344243245823,COMPLETE
341,0.5236132462067941,2026-08-18 10:34:52.591187,2026-08-18 10:34:53.596064,0 days 00:00:01.004877,1.0000120458725648,0.45185406493934394,0.035917550293869664,COMPLETE
342,0.4487030586533563,2026-08-18 10:34:53.596193,2026-08-18 10:34:54.607822,0 days 00:00:01.011629,0.6532148221663594,0.3064017407165211,0.017300030228023247,COMPLETE
343,1.2337010987225279,2026-08-18 10:34:54.607949,2026-08-18 10:34:55.598512,0 days 00:00:00.990563,0.8395766802499238,3.314616173826604,0.00017814661036874563,COMPLETE
344,0.9411700864727418,2026-08-18 10:34:55.598643,2026-08-18 10:34:56.595600,0 days 00:00:00.996957,1.356974578962605,0.5477636199585169,0.036261700738818466,COMPLETE
345,0.896019264317019,2026-08-18 10:34:56.595737,2026-08-18 10:34:57.588815,0 days 00:00:00.993078,1.1686740893503416,0.886202422847344,0.049447465245137844,COMPLETE
346,0.39029162782141413,2026-08-18 10:34:57.588949,2026-08-18 10:34:58.600246,0 days 00:00:01.011297,1.0269031522042236,0.2813947626788237,0.07169236496098348,COMPLETE
347,0.4313064940448479,2026-08-18 10:34:58.600379,2026-08-18 10:34:59.609876,0 days 00:00:01.009497,0.9427061538035771,0.4565053899038376,0.020198178352728573,COMPLETE
348,0.9700047217893425,2026-08-18 10:34:59.610008,2026-08-18 10:35:00.625572,0 days 00:00:01.015564,1.10541854239273,0.6783537275182275,0.0013654260569482906,COMPLETE
349,0.8691081108081171,2026-08-18 10:35:00.625712,2026-08-18 10:35:01.648261,0 days 00:00:01.022549,0.7487692038224382,0.11295742096837583,0.03270366361723831,COMPLETE
350,1.1616568771105837,2026-08-18 10:35:01.648393,2026-08-18 10:35:02.660638,0 days 00:00:01.012245,1.2555933113739395,0.41180273895533,0.9171089111708604,COMPLETE
351,2.0207786093524263,2026-08-18 10:35:02.660779,2026-08-18 10:35:03.689206,0 days 00:00:01.028427,0.8667545767480636,0.29313051096622267,0.5612470319175963,COMPLETE
352,1.1730886650825478,2026-08-18 10:35:03.689337,2026-08-18 10:35:04.684948,0 days 00:00:00.995611,1.0284689248844954,0.6871641588395434,0.051245515295587504,COMPLETE
353,0.6856536342658948,2026-08-18 10:35:04.685082,2026-08-18 10:35:05.700508,0 days 00:00:01.015426,1.1763743718464108,0.46484536012462085,0.00038712949005735163,COMPLETE
354,0.4115976469520814,2026-08-18 10:35:05.700641,2026-08-18 10:35:06.723524,0 days 00:00:01.022883,1.503356158493995,0.10461388755564935,0.028073204795641227,COMPLETE
355,0.3058426326010737,2026-08-18 10:35:06.723665,2026-08-18 10:35:07.757647,0 days 00:00:01.033982,0.92903593966453,0.2904528661477738,0.017195874942245025,COMPLETE
356,0.387680573900808,2026-08-18 10:35:07.757780,2026-08-18 10:35:08.780620,0 days 00:00:01.022840,0.7804941164898096,0.27236702895101117,0.01638741353073961,COMPLETE
357,1.4122186544492084,2026-08-18 10:35:08.780782,2026-08-18 10:35:09.794814,0 days 00:00:01.014032,0.922032151300022,0.8212885633454057,0.00024782346175493755,COMPLETE
358,2.007237122581612,2026-08-18 10:35:09.794947,2026-08-18 10:35:10.823294,0 days 00:00:01.028347,-1.698709728339542,0.5777260540845057,0.04027189812223171,COMPLETE
359,0.5811055558499241,2026-08-18 10:35:10.823442,2026-08-18 10:35:11.841443,0 days 00:00:01.018001,0.4629946596355516,0.42780152188922316,0.06194887905093324,COMPLETE
360,0.5484055804946412,2026-08-18 10:35:11.841581,2026-08-18 10:35:12.879746,0 days 00:00:01.038165,0.6334702902977066,0.26105020401764284,0.018892779336525653,COMPLETE
361,0.556185887614179,2026-08-18 10:35:12.879945,2026-08-18 10:35:13.898240,0 days 00:00:01.018295,0.8789578357529392,0.5599411139270045,0.03495774629523424,COMPLETE
362,,2026-08-18 10:35:13.898384,2026-08-18 10:35:14.883838,0 days 00:00:00.985454,1.1081842266709663,1.1662723423029908,0.6446999131791564,PRUNED
363,0.44543547404372186,2026-08-18 10:35:14.883950,2026-08-18 10:35:15.908099,0 days 00:00:01.024149,1.3928064911693423,0.2844816102316393,0.01700303716286113,COMPLETE
364,0.6377491917962235,2026-08-18 10:35:15.908233,2026-08-18 10:35:16.916803,0 days 00:00:01.008570,0.9917013671882109,0.11319021136168442,0.0744268696149066,COMPLETE
365,0.8193347008557346,2026-08-18 10:35:16.916935,2026-08-18 10:35:17.913535,0 days 00:00:00.996600,1.2581963157262561,0.7882701409221127,0.04934195255950004,COMPLETE
366,0.3548023906593319,2026-08-18 10:35:17.913673,2026-08-18 10:35:18.920792,0 days 00:00:01.007119,0.8159754700179216,0.44494768656993755,0.0004100692796970007,COMPLETE
367,2.210539619230392,2026-08-18 10:35:18.920929,2026-08-18 10:35:19.932520,0 days 00:00:01.011591,-2.088099028967826,0.6006647750404097,0.027330654720331162,COMPLETE
368,0.5224466892406758,2026-08-18 10:35:19.932659,2026-08-18 10:35:20.945384,0 days 00:00:01.012725,1.1380948539522058,0.2723069419156238,0.09474310809233372,COMPLETE
369,0.6905622555080775,2026-08-18 10:35:20.945514,2026-08-18 10:35:21.962494,0 days 00:00:01.016980,0.9719940037191311,0.4316250633071904,0.04584896948714338,COMPLETE
370,0.40347573842648765,2026-08-18 10:35:21.962627,2026-08-18 10:35:22.984304,0 days 00:00:01.021677,0.7624955985140489,0.2688466715793215,0.014980247285836506,COMPLETE
371,0.5422526786053782,2026-08-18 10:35:22.984440,2026-08-18 10:35:24.004121,0 days 00:00:01.019681,1.0668653404211308,0.11249476412934914,0.032809281520567404,COMPLETE
372,0.8464526515140087,2026-08-18 10:35:24.004259,2026-08-18 10:35:25.003133,0 days 00:00:00.998874,1.26494283937348,0.9698539632488308,0.01644361078536972,COMPLETE
373,1.9620585177779941,2026-08-18 10:35:25.003263,2026-08-18 10:35:26.001494,0 days 00:00:00.998231,0.9093115504327592,0.6916117345665447,0.06367092209081279,COMPLETE
374,0.3640701714562015,2026-08-18 10:35:26.001624,2026-08-18 10:35:27.013336,0 days 00:00:01.011712,0.6752023243015781,0.4498944788505579,0.0009343428811245703,COMPLETE
375,1.2084775495502116,2026-08-18 10:35:27.013471,2026-08-18 10:35:28.009405,0 days 00:00:00.995934,1.1861121935679373,0.5810695849496268,0.038174691323688274,COMPLETE
376,0.31132651289615243,2026-08-18 10:35:28.009542,2026-08-18 10:35:29.019459,0 days 00:00:01.009917,1.0624658940297709,0.2790634954887976,0.02075632588897454,COMPLETE
377,0.5639307909198188,2026-08-18 10:35:29.019592,2026-08-18 10:35:30.036413,0 days 00:00:01.016821,1.0017284999447094,0.1093072123275462,0.05414814715511106,COMPLETE
378,0.7193470961006438,2026-08-18 10:35:30.036546,2026-08-18 10:35:31.052235,0 days 00:00:01.015689,0.8690747316370664,0.10096069919835446,0.07901723381935699,COMPLETE
379,0.4699151580318229,2026-08-18 10:35:31.052367,2026-08-18 10:35:32.051581,0 days 00:00:00.999214,1.043964422517782,0.40872324880738975,0.03124339143876587,COMPLETE
380,0.5889668032735917,2026-08-18 10:35:32.051717,2026-08-18 10:35:33.064338,0 days 00:00:01.012621,0.7582699081703372,0.6512571683988382,0.019981165883126192,COMPLETE
381,1.2367855806429018,2026-08-18 10:35:33.064470,2026-08-18 10:35:34.078339,0 days 00:00:01.013869,2.8638658661757255,0.8309982478768867,0.053630710733929554,COMPLETE
382,0.3045993533362873,2026-08-18 10:35:34.078474,2026-08-18 10:35:35.071205,0 days 00:00:00.992731,0.9106416145264054,0.3131589199365314,0.0001097255590421036,COMPLETE
383,0.4000753177325051,2026-08-18 10:35:35.071340,2026-08-18 10:35:36.079877,0 days 00:00:01.008537,0.5976720601586312,0.43745937428451287,0.0013967095550630883,COMPLETE
384,0.3319587342012949,2026-08-18 10:35:36.080010,2026-08-18 10:35:37.074559,0 days 00:00:00.994549,0.8885047922407697,0.28327898728351075,0.016662787054773684,COMPLETE
385,0.6408199161962054,2026-08-18 10:35:37.074701,2026-08-18 10:35:38.087958,0 days 00:00:01.013257,0.7300329217064221,0.568638502892142,0.03794754502941891,COMPLETE
386,0.682452611483376,2026-08-18 10:35:38.088094,2026-08-18 10:35:39.080292,0 days 00:00:00.992198,1.3428026224641525,0.38791554059171934,0.016442028974793348,COMPLETE
387,0.7860312707189651,2026-08-18 10:35:39.080427,2026-08-18 10:35:40.080336,0 days 00:00:00.999909,0.9391940846884017,0.6849734063598054,0.040541178717746346,COMPLETE
388,0.31197009616962673,2026-08-18 10:35:40.080478,2026-08-18 10:35:41.111826,0 days 00:00:01.031348,1.1056203916205893,0.2765118180028861,0.015322005519427796,COMPLETE
389,0.5214449919302114,2026-08-18 10:35:41.111960,2026-08-18 10:35:42.118019,0 days 00:00:01.006059,1.2050416161843405,0.1089759420202509,0.06601557420092602,COMPLETE
390,1.483371731539119,2026-08-18 10:35:42.118161,2026-08-18 10:35:43.123027,0 days 00:00:01.004866,0.826306085907415,0.9621845229921042,0.4356306879396442,COMPLETE
391,0.7239678803729068,2026-08-18 10:35:43.123156,2026-08-18 10:35:44.135514,0 days 00:00:01.012358,1.0991615714085365,0.47569252194417655,0.030479876029793945,COMPLETE
392,0.33561865962163523,2026-08-18 10:35:44.135646,2026-08-18 10:35:45.154797,0 days 00:00:01.019151,0.9532856315801386,0.28378543927560795,0.05083124181691771,COMPLETE
393,0.982058523344271,2026-08-18 10:35:45.154928,2026-08-18 10:35:46.171393,0 days 00:00:01.016465,1.1635265647192592,0.7651162645143894,0.019573812194347576,COMPLETE
