number,value,datetime_start,datetime_complete,duration,params_alpha,params_t_glob,params_thresh,state
394,0.442393421072341,2026-08-18 10:35:46.171525,2026-08-18 10:35:47.185915,0 days 00:00:01.014390,0.8404820715265021,0.5382617670230689,0.01680176580523066,COMPLETE
395,0.3846370923289637,2026-08-18 10:35:47.186051,2026-08-18 10:35:48.207090,0 days 00:00:01.021039,1.0365526654300876,0.319523635189472,0.043710046553261474,COMPLETE
396,0.7005473755235391,2026-08-18 10:35:48.207225,2026-08-18 10:35:49.228505,0 days 00:00:01.021280,1.289667895606411,0.277219560077634,0.07504951238848075,COMPLETE
397,0.6323125715904763,2026-08-18 10:35:49.228648,2026-08-18 10:35:50.247872,0 days 00:00:01.019224,0.962635166478914,0.10141396089031898,0.0007468370578225584,COMPLETE
398,0.42220290848848513,2026-08-18 10:35:50.248005,2026-08-18 10:35:51.257860,0 days 00:00:01.009855,0.7037971430729706,0.5487270484709065,0.0003323241763841453,COMPLETE
399,0.4970631260213727,2026-08-18 10:35:51.257991,2026-08-18 10:35:52.277245,0 days 00:00:01.019254,0.5054312840664101,0.4278568096812223,0.030480850261924895,COMPLETE
400,1.3980375460589258,2026-08-18 10:35:52.277377,2026-08-18 10:35:53.301096,0 days 00:00:01.023719,-0.5295082357630934,0.7528491830031756,0.05600975762597902,COMPLETE
401,,2026-08-18 10:35:53.301230,2026-08-18 10:35:54.304634,0 days 00:00:01.003404,1.1040137655554279,4.805492982040739,0.5052664083073951,PRUNED
402,0.48179382061432935,2026-08-18 10:35:54.304741,2026-08-18 10:35:55.328328,0 days 00:00:01.023587,1.3603778782809748,0.26780341967711135,0.03188540166159342,COMPLETE
403,0.5981506270904352,2026-08-18 10:35:55.328462,2026-08-18 10:35:56.339674,0 days 00:00:01.011212,0.8690109714285316,0.5381544730332706,0.00012726010344808156,COMPLETE
404,0.5293744472295185,2026-08-18 10:35:56.339817,2026-08-18 10:35:57.347199,0 days 00:00:01.007382,1.218032314427924,0.3939426269235671,0.019788421763654963,COMPLETE
405,0.3250532195999885,2026-08-18 10:35:57.347329,2026-08-18 10:35:58.363888,0 days 00:00:01.016559,0.9865828293129346,0.2626334609888079,0.04515774123559401,COMPLETE
406,1.322315042484868,2026-08-18 10:35:58.364019,2026-08-18 10:35:59.365291,0 days 00:00:01.001272,1.5436587867393854,0.8998552083853456,0.09906647739755922,COMPLETE
407,0.7800691832682631,2026-08-18 10:35:59.365419,2026-08-18 10:36:00.375057,0 days 00:00:01.009638,1.081418315822322,0.10672234733046121,0.46143818899940875,COMPLETE
408,1.1870958865308576,2026-08-18 10:36:00.375192,2026-08-18 10:36:01.389447,0 days 00:00:01.014255,0.6592065796440287,0.5957207671076123,0.071414764065068,COMPLETE
409,0.3846570863037604,2026-08-18 10:36:01.389580,2026-08-18 10:36:02.393135,0 days 00:00:01.003555,0.8167620803523711,0.3741087267896156,0.049938368222056065,COMPLETE
410,0.6358979788951823,2026-08-18 10:36:02.393273,2026-08-18 10:36:03.405765,0 days 00:00:01.012492,0.9734480463480499,0.10433823946034809,0.023081429443411346,COMPLETE
411,0.7714134282680672,2026-08-18 10:36:03.405898,2026-08-18 10:36:04.404581,0 days 00:00:00.998683,1.1575933425395768,0.6261307632708422,0.043519013413423506,COMPLETE
412,0.608569152533961,2026-08-18 10:36:04.404740,2026-08-18 10:36:05.409120,0 days 00:00:01.004380,1.4058048508298349,0.3994278346188689,0.017775531751901493,COMPLETE
413,0.3006348394401906,2026-08-18 10:36:05.409256,2026-08-18 10:36:06.410109,0 days 00:00:01.000853,1.0333295643460019,0.26311413770919845,0.017378000420114517,COMPLETE
414,1.1538159636321683,2026-08-18 10:36:06.410244,2026-08-18 10:36:07.404761,0 days 00:00:00.994517,1.2426961502711735,2.811819278041618,0.015462230845059136,COMPLETE
415,0.5874798535787212,2026-08-18 10:36:07.404901,2026-08-18 10:36:08.406981,0 days 00:00:01.002080,1.042663073467458,0.10046518402228743,0.06287372276991268,COMPLETE
416,0.8576566429008377,2026-08-18 10:36:08.407121,2026-08-18 10:36:09.387376,0 days 00:00:00.980255,1.1520011952880125,1.1204376258421889,0.03813374316704765,COMPLETE
417,0.9228816400345996,2026-08-18 10:36:09.387511,2026-08-18 10:36:10.386317,0 days 00:00:00.998806,1.0396027869030011,0.7205774413435344,0.01579836176202398,COMPLETE
418,0.4285743421890654,2026-08-18 10:36:10.386451,2026-08-18 10:36:11.384134,0 days 00:00:00.997683,1.2837112199603498,0.26928923143059513,0.034624953614224546,COMPLETE
419,0.40373908814361137,2026-08-18 10:36:11.384265,2026-08-18 10:36:12.393222,0 days 00:00:01.008957,0.9271838117206619,0.4394207020402899,0.01476863639951299,COMPLETE
420,0.33573262682707516,2026-08-18 10:36:12.393353,2026-08-18 10:36:13.394629,0 days 00:00:01.001276,1.1350388614205358,0.2868519342027003,0.0002334670214827171,COMPLETE
421,1.2795343810445925,2026-08-18 10:36:13.394769,2026-08-18 10:36:14.389082,0 days 00:00:00.994313,0.7827449741834573,6.860966641557368,0.08530303330543951,COMPLETE
422,1.9688718753627599,2026-08-18 10:36:14.389209,2026-08-18 10:36:15.401830,0 days 00:00:01.012621,-1.2957101075145507,0.5160215080146419,0.05862677895640192,COMPLETE
423,0.7440215828439645,2026-08-18 10:36:15.401953,2026-08-18 10:36:16.400024,0 days 00:00:00.998071,0.9182844265541065,0.8517344007184157,0.0005468531896786311,COMPLETE
424,0.3079670976681145,2026-08-18 10:36:16.400154,2026-08-18 10:36:17.411063,0 days 00:00:01.010909,1.0444839902614427,0.26237482230106324,0.03243120058663175,COMPLETE
425,0.4967531738051171,2026-08-18 10:36:17.411190,2026-08-18 10:36:18.420461,0 days 00:00:01.009271,1.4099123119549999,0.25265552684702036,0.0416717794757655,COMPLETE
426,0.5050419729621185,2026-08-18 10:36:18.420590,2026-08-18 10:36:19.425885,0 days 00:00:01.005295,1.2474828233319364,0.11059859509139824,0.05681205461170634,COMPLETE
427,0.949616021112697,2026-08-18 10:36:19.426015,2026-08-18 10:36:20.423126,0 days 00:00:00.997111,1.0582015135468168,0.5447540219776856,0.0001158516405598553,COMPLETE
428,0.36299790726118136,2026-08-18 10:36:20.423261,2026-08-18 10:36:21.428736,0 days 00:00:01.005475,0.8534893722245784,0.4176076941817265,0.03033023546525574,COMPLETE
429,0.43578987949188686,2026-08-18 10:36:21.428865,2026-08-18 10:36:22.437414,0 days 00:00:01.008549,1.1527421297595557,0.26266518310500925,0.0804288602516991,COMPLETE
430,1.1698997036799412,2026-08-18 10:36:22.437547,2026-08-18 10:36:23.438077,0 days 00:00:01.000530,0.980979374785279,0.6904972591544494,0.044223102169342936,COMPLETE
431,0.9937835756122224,2026-08-18 10:36:23.438213,2026-08-18 10:36:24.431094,0 days 00:00:00.992881,1.6620095068677498,0.46410291749161503,0.02026172815829732,COMPLETE
432,0.46215175785799095,2026-08-18 10:36:24.431225,2026-08-18 10:36:25.434769,0 days 00:00:01.003544,0.7067886982229298,0.2743839614560424,0.031031381465992377,COMPLETE
433,0.9625066916249782,2026-08-18 10:36:25.434900,2026-08-18 10:36:26.433280,0 days 00:00:00.998380,1.2744378899305153,0.6656472384509398,0.060880530910792346,COMPLETE
434,0.5199693865740648,2026-08-18 10:36:26.433411,2026-08-18 10:36:27.441282,0 days 00:00:01.007871,1.0742247500018296,0.11066168444873589,0.016428685907113,COMPLETE
435,0.5282614276318617,2026-08-18 10:36:27.441428,2026-08-18 10:36:28.433907,0 days 00:00:00.992479,0.9152850314634855,0.4472371443288798,0.03914514171018178,COMPLETE
436,0.3980125843684476,2026-08-18 10:36:28.434043,2026-08-18 10:36:29.440885,0 days 00:00:01.006842,0.7976031529140091,0.2675176337033519,0.017317235944669954,COMPLETE
437,0.9085205361541365,2026-08-18 10:36:29.441017,2026-08-18 10:36:30.443184,0 days 00:00:01.002167,1.1876336328366495,0.7949562591525272,0.044345086997873186,COMPLETE
438,0.6436110995319416,2026-08-18 10:36:30.443324,2026-08-18 10:36:31.444415,0 days 00:00:01.001091,1.039656576014356,0.5732703128000818,0.0009664861710501835,COMPLETE
439,0.5997684541130022,2026-08-18 10:36:31.444548,2026-08-18 10:36:32.460800,0 days 00:00:01.016252,0.5731909940193356,0.28181212574342523,0.06797345075586914,COMPLETE
440,0.7900083482644936,2026-08-18 10:36:32.460930,2026-08-18 10:36:33.464263,0 days 00:00:01.003333,1.368866109766552,0.4361638481903326,0.02610227369320739,COMPLETE
441,0.612288042062455,2026-08-18 10:36:33.464389,2026-08-18 10:36:34.466953,0 days 00:00:01.002564,0.9527632239226953,0.10740553282354362,0.0005927191250671218,COMPLETE
442,1.2729634797937484,2026-08-18 10:36:34.467088,2026-08-18 10:36:35.467186,0 days 00:00:01.000098,1.1325059659658638,0.5500937425130488,0.04978287227439817,COMPLETE
443,0.7912203420159006,2026-08-18 10:36:35.467320,2026-08-18 10:36:36.485383,0 days 00:00:01.018063,0.8381357762963747,0.10000366958500437,0.10325131204616195,COMPLETE
444,1.0229888384511903,2026-08-18 10:36:36.485516,2026-08-18 10:36:37.488393,0 days 00:00:01.002877,1.2831466412443777,0.9154238193119177,0.028131613455929266,COMPLETE
445,0.3402218469141156,2026-08-18 10:36:37.488526,2026-08-18 10:36:38.503273,0 days 00:00:01.014747,1.0509851538243662,0.3473904931350052,0.017292771242178363,COMPLETE
446,1.3910713586792045,2026-08-18 10:36:38.503407,2026-08-18 10:36:39.500569,0 days 00:00:00.997162,0.6694444975727576,0.7102379183806853,0.7710527810096173,COMPLETE
447,0.9265291653220274,2026-08-18 10:36:39.500709,2026-08-18 10:36:40.482762,0 days 00:00:00.982053,1.5200832509462328,0.4115952882550383,0.03427258424023377,COMPLETE
448,1.2772194225866975,2026-08-18 10:36:40.482898,2026-08-18 10:36:41.472716,0 days 00:00:00.989818,0.9375693094638815,3.9495847705339804,0.0005007423486542532,COMPLETE
449,0.306269992145681,2026-08-18 10:36:41.472849,2026-08-18 10:36:42.487706,0 days 00:00:01.014857,1.1525464288058327,0.26471537620309654,1.6434432140382952e-05,COMPLETE
450,0.533873817081875,2026-08-18 10:36:42.487839,2026-08-18 10:36:43.501345,0 days 00:00:01.013506,1.2045284451991378,0.1026130058100822,0.01653120636221607,COMPLETE
451,1.065777300915151,2026-08-18 10:36:43.501480,2026-08-18 10:36:44.504271,0 days 00:00:01.002791,1.369254910137626,0.5994754975791301,0.0002587685041178725,COMPLETE
452,0.6839996777986278,2026-08-18 10:36:44.504405,2026-08-18 10:36:45.506441,0 days 00:00:01.002036,1.1790839883852784,0.356407878958504,0.0448953481675784,COMPLETE
453,0.6675660662271826,2026-08-18 10:36:45.506577,2026-08-18 10:36:46.493329,0 days 00:00:00.986752,1.1068161884465935,0.5119085948255846,0.017832939531064896,COMPLETE
454,0.4274430630421398,2026-08-18 10:36:46.493469,2026-08-18 10:36:47.491113,0 days 00:00:00.997644,1.3072049553367788,0.27051048421407725,0.03163884331540936,COMPLETE
455,0.9151956376453023,2026-08-18 10:36:47.491251,2026-08-18 10:36:48.482481,0 days 00:00:00.991230,1.023086220080694,0.9782129327146041,0.0610244601904687,COMPLETE
456,1.6236906622648484,2026-08-18 10:36:48.482616,2026-08-18 10:36:49.480443,0 days 00:00:00.997827,1.4642930739800806,0.7225574258346809,0.017655877037328835,COMPLETE
457,0.7379881957348845,2026-08-18 10:36:49.480580,2026-08-18 10:36:50.488729,0 days 00:00:01.008149,0.7942992182255708,1.3698511386034993,0.015613233182036381,COMPLETE
458,0.35563381989818355,2026-08-18 10:36:50.488857,2026-08-18 10:36:51.491210,0 days 00:00:01.002353,1.1999531080651697,0.2740577006883547,0.0011726668277858075,COMPLETE
459,1.1535650076000334,2026-08-18 10:36:51.491343,2026-08-18 10:36:52.487763,0 days 00:00:00.996420,0.9105994616481491,0.476860216289305,0.08012537406643,COMPLETE
460,1.3577688373477723,2026-08-18 10:36:52.487902,2026-08-18 10:36:53.473674,0 days 00:00:00.985772,1.0749948534155696,6.526713534309745,0.048271258831955335,COMPLETE
461,1.6868095675984984,2026-08-18 10:36:53.473808,2026-08-18 10:36:54.517392,0 days 00:00:01.043584,-0.27421043065724193,0.10052295803830355,0.03161956493431723,COMPLETE
462,0.8703432625580633,2026-08-18 10:36:54.517528,2026-08-18 10:36:55.502005,0 days 00:00:00.984477,0.9778443042347215,0.6029025118891268,0.033665483784331,COMPLETE
463,1.3137603007682657,2026-08-18 10:36:55.502127,2026-08-18 10:36:56.483142,0 days 00:00:00.981015,1.1433583052946399,8.42513195927548,0.05392277078163754,COMPLETE
464,0.39101474109807877,2026-08-18 10:36:56.483284,2026-08-18 10:36:57.484034,0 days 00:00:01.000750,0.771754283439589,0.2864943211194868,0.0015665468913982784,COMPLETE
465,0.6239258456796419,2026-08-18 10:36:57.484177,2026-08-18 10:36:58.481534,0 days 00:00:00.997357,1.2475144453895475,0.40760756054259834,0.0001403148079560022,COMPLETE
466,0.7107850176919178,2026-08-18 10:36:58.481677,2026-08-18 10:36:59.485004,0 days 00:00:01.003327,0.8775069714599323,0.8089376332137532,0.019038067503473317,COMPLETE
467,0.3382470065257406,2026-08-18 10:36:59.485141,2026-08-18 10:37:00.505295,0 days 00:00:01.020154,1.0471647790066902,0.2743181543431356,0.036080350022323654,COMPLETE
468,0.7468712919759307,2026-08-18 10:37:00.505434,2026-08-18 10:37:01.507780,0 days 00:00:01.002346,1.2913965135425156,0.47698850999518727,6.620932980140777e-05,COMPLETE
469,0.8249843259254546,2026-08-18 10:37:01.507917,2026-08-18 10:37:02.521569,0 days 00:00:01.013652,0.29245129965848127,0.6550279071823109,0.07375515506888355,COMPLETE
470,0.6126495611846778,2026-08-18 10:37:02.521703,2026-08-18 10:37:03.528847,0 days 00:00:01.007144,0.972856611858887,0.10698780383499848,0.051589968161098385,COMPLETE
471,0.33064143625745984,2026-08-18 10:37:03.528983,2026-08-18 10:37:04.527826,0 days 00:00:00.998843,1.125279197946557,0.276714180936526,0.021778908548003167,COMPLETE
472,0.4125720203308686,2026-08-18 10:37:04.527959,2026-08-18 10:37:05.540247,0 days 00:00:01.012288,0.8445955236918969,0.4612977039862406,0.03086030905333782,COMPLETE
473,0.46228292659231723,2026-08-18 10:37:05.540375,2026-08-18 10:37:06.539794,0 days 00:00:00.999419,0.7182320670322879,0.2707411009755812,0.017421956728381524,COMPLETE
474,1.1617697058283922,2026-08-18 10:37:06.539925,2026-08-18 10:37:07.533772,0 days 00:00:00.993847,1.4271528401284581,0.6032307460756794,8.20778494069988e-06,COMPLETE
475,0.9920877208645172,2026-08-18 10:37:07.533904,2026-08-18 10:37:08.532098,0 days 00:00:00.998194,1.006312764279098,1.0952080249415512,0.057887323011398345,COMPLETE
476,0.5137744309380178,2026-08-18 10:37:08.532227,2026-08-18 10:37:09.542759,0 days 00:00:01.010532,1.1600813043392337,0.10577690870793963,0.042088154027265054,COMPLETE
477,0.7918143761952339,2026-08-18 10:37:09.542889,2026-08-18 10:37:10.542970,0 days 00:00:01.000081,0.6050754840320768,0.800719446318279,0.09414595834456656,COMPLETE
478,0.4159515399325154,2026-08-18 10:37:10.543103,2026-08-18 10:37:11.541814,0 days 00:00:00.998711,0.9124991533721927,0.4488197100486354,0.02215513177873695,COMPLETE
479,0.9277250418201857,2026-08-18 10:37:11.541949,2026-08-18 10:37:12.538730,0 days 00:00:00.996781,1.302195206555606,0.4006212086148848,0.039272716266260055,COMPLETE
480,0.5926161281062251,2026-08-18 10:37:12.538858,2026-08-18 10:37:13.554349,0 days 00:00:01.015491,1.069883278997646,0.10417349484638413,0.06872086134036724,COMPLETE
481,1.838588787195426,2026-08-18 10:37:13.554476,2026-08-18 10:37:14.566341,0 days 00:00:01.011865,-2.4569858395234947,7.114578737909622,0.01768273252179329,COMPLETE
482,0.553171976297065,2026-08-18 10:37:14.566471,2026-08-18 10:37:15.576921,0 days 00:00:01.010450,0.8424820132676087,0.6214753746136581,0.01756640088123823,COMPLETE
483,0.5435036952753061,2026-08-18 10:37:15.577056,2026-08-18 10:37:16.587600,0 days 00:00:01.010544,1.1804354008737994,0.3289976435198292,0.04475222808357247,COMPLETE
484,0.31686073663070746,2026-08-18 10:37:16.587735,2026-08-18 10:37:17.584195,0 days 00:00:00.996460,1.0293428756391014,0.26045964640285996,0.00034146178110391054,COMPLETE
485,0.920129920219105,2026-08-18 10:37:17.584331,2026-08-18 10:37:18.564872,0 days 00:00:00.980541,1.224795157728771,0.5528188751019139,0.01621024425464403,COMPLETE
486,0.8663733298900695,2026-08-18 10:37:18.565003,2026-08-18 10:37:19.552168,0 days 00:00:00.987165,1.0787444305936191,0.8628450300075325,0.0015008602739735068,COMPLETE
487,0.36692659894112734,2026-08-18 10:37:19.552298,2026-08-18 10:37:20.547840,0 days 00:00:00.995542,0.738218123395595,0.38742770258695913,0.017605551423464875,COMPLETE
488,0.31165653101439045,2026-08-18 10:37:20.547979,2026-08-18 10:37:21.553055,0 days 00:00:01.005076,0.9012367250021975,0.2864790703290555,0.0017398583770840675,COMPLETE
489,1.0224136595512732,2026-08-18 10:37:21.553181,2026-08-18 10:37:22.553127,0 days 00:00:00.999946,0.9009066267572925,0.6680195934801509,0.00019123558571694163,COMPLETE
490,0.3687818167600765,2026-08-18 10:37:22.553257,2026-08-18 10:37:23.560284,0 days 00:00:01.007027,0.6559938095085456,0.4487071672733159,0.018683844445571404,COMPLETE
491,0.7250568438220992,2026-08-18 10:37:23.560414,2026-08-18 10:37:24.579541,0 days 00:00:01.019127,0.831624765758251,0.10289857743840336,0.031066976349512842,COMPLETE
492,0.5552950914164506,2026-08-18 10:37:24.579676,2026-08-18 10:37:25.594538,0 days 00:00:01.014862,0.5394702158527986,0.2901255439419723,0.0003809942174172118,COMPLETE
493,0.5060026127009072,2026-08-18 10:37:25.594675,2026-08-18 10:37:26.606882,0 days 00:00:01.012207,0.4178158564557578,0.7527312001498906,0.001607733498522846,COMPLETE
494,0.7170666928997147,2026-08-18 10:37:26.607010,2026-08-18 10:37:27.601824,0 days 00:00:00.994814,0.9773168473918289,0.5183871785869674,0.031622069696518665,COMPLETE
495,0.4556309074235542,2026-08-18 10:37:27.601957,2026-08-18 10:37:28.612294,0 days 00:00:01.010337,0.7494299672603979,0.2620163162905671,0.0006107817487422743,COMPLETE
496,0.7373762491418806,2026-08-18 10:37:28.612432,2026-08-18 10:37:29.606194,0 days 00:00:00.993762,0.9322215414311948,0.5512176058037863,0.030529343498726314,COMPLETE
497,0.8246363346840689,2026-08-18 10:37:29.606323,2026-08-18 10:37:30.600277,0 days 00:00:00.993954,1.0474811318687163,1.0354337213950475,0.017266437968524284,COMPLETE
498,0.3350037891474183,2026-08-18 10:37:30.600402,2026-08-18 10:37:31.614116,0 days 00:00:01.013714,0.8314191602245885,0.29730605797334675,0.000404310868191312,COMPLETE
499,1.3838350411050542,2026-08-18 10:37:31.614241,2026-08-18 10:37:32.613300,0 days 00:00:00.999059,1.322707843844138,0.43858325314575314,0.04816864553478961,COMPLETE
