number,value,datetime_start,datetime_complete,duration,params_alpha,params_t_glob,params_thresh,state
0,1.7369620581042395,2026-08-18 10:29:07.855593,2026-08-18 10:29:08.880770,0 days 00:00:01.025177,-1.4073927771148482,0.9337325371353372,0.9894750810463491,COMPLETE
1,2.096037152290906,2026-08-18 10:29:08.880957,2026-08-18 10:29:09.906165,0 days 00:00:01.025208,-2.1326634178008264,1.0348052829209227,0.8935075197138996,COMPLETE
2,1.8992891392203792,2026-08-18 10:29:09.906349,2026-08-18 10:29:10.936946,0 days 00:00:01.030597,-2.9195934289568264,6.762358212363372,0.6507156171590921,COMPLETE
3,1.920881399962267,2026-08-18 10:29:10.937089,2026-08-18 10:29:11.947917,0 days 00:00:01.010828,-1.8453108487839038,1.982009979100443,0.6577487731476974,COMPLETE
4,1.3360431062036644,2026-08-18 10:29:11.948057,2026-08-18 10:29:12.950602,0 days 00:00:01.002545,-0.12755092590970385,4.626999598082976,0.7990651746724319,COMPLETE
5,1.8570251844616608,2026-08-18 10:29:12.950747,2026-08-18 10:29:13.970147,0 days 00:00:01.019400,-1.398623192351288,1.8108911984691294,0.27833281207995797,COMPLETE
6,1.398889414148302,2026-08-18 10:29:13.970280,2026-08-18 10:29:14.962692,0 days 00:00:00.992412,1.6394483308230807,4.850353476311001,0.07752261069362254,COMPLETE
7,,2026-08-18 10:29:14.962831,2026-08-18 10:29:15.944545,0 days 00:00:00.981714,1.6482640580514474,7.4505141760841775,0.16484344057598166,PRUNED
8,1.4930500091623282,2026-08-18 10:29:15.944661,2026-08-18 10:29:16.958485,0 days 00:00:01.013824,-0.7183515591138647,2.68547941570025,0.3929143577268841,COMPLETE
9,1.5079467780910172,2026-08-18 10:29:16.958618,2026-08-18 10:29:17.973660,0 days 00:00:01.015042,-1.0943131976382097,7.705438278580516,0.4087225337651582,COMPLETE
10,,2026-08-18 10:29:17.973791,2026-08-18 10:29:19.001057,0 days 00:00:01.027266,2.9114246442151366,5.132847665400659,0.6788938495857366,PRUNED
11,1.0552574926341511,2026-08-18 10:29:19.001170,2026-08-18 10:29:20.008766,0 days 00:00:01.007596,0.4794245801719639,4.202111457086582,0.025291810503618742,COMPLETE
12,1.1505222543277498,2026-08-18 10:29:20.008902,2026-08-18 10:29:21.010365,0 days 00:00:01.001463,0.4782780218842556,9.911567540210644,0.013000505329242368,COMPLETE
13,1.1904907175883772,2026-08-18 10:29:21.010503,2026-08-18 10:29:22.008568,0 days 00:00:00.998065,0.39782848391820314,9.446693724671736,0.0056269470737714145,COMPLETE
14,,2026-08-18 10:29:22.008711,2026-08-18 10:29:23.009689,0 days 00:00:01.000978,0.6799229054330191,9.917332040467542,0.1730929284699339,PRUNED
15,1.3332755899781643,2026-08-18 10:29:23.009797,2026-08-18 10:29:24.008169,0 days 00:00:00.998372,1.3896676319593955,3.448315341598841,0.010803636640325876,COMPLETE
16,,2026-08-18 10:29:24.008314,2026-08-18 10:29:25.025161,0 days 00:00:01.016847,2.6570480833674335,6.045707083315757,0.2245500441189511,PRUNED
17,1.3606371687907486,2026-08-18 10:29:25.025269,2026-08-18 10:29:26.030213,0 days 00:00:01.004944,-0.12249777045427312,8.631034329879741,0.3663261660338521,COMPLETE
18,1.2937340995809536,2026-08-18 10:29:26.030363,2026-08-18 10:29:27.040501,0 days 00:00:01.010138,0.9251860479707601,3.922977326751623,0.08417208238646356,COMPLETE
19,,2026-08-18 10:29:27.040634,2026-08-18 10:29:28.059586,0 days 00:00:01.018952,2.1943936574331717,5.999616544211525,0.5019590810004183,PRUNED
20,1.2691887738496679,2026-08-18 10:29:28.059700,2026-08-18 10:29:29.075259,0 days 00:00:01.015559,-0.11902875052061768,8.631573552187819,0.11872351871429787,COMPLETE
21,1.198089257688583,2026-08-18 10:29:29.075397,2026-08-18 10:29:30.061226,0 days 00:00:00.985829,0.6681468285040186,9.90279082381517,0.00924364612103401,COMPLETE
22,1.1248832755013862,2026-08-18 10:29:30.061360,2026-08-18 10:29:31.052918,0 days 00:00:00.991558,0.1904308000174612,8.578028584787532,0.00500208747801284,COMPLETE
23,1.5018943912900518,2026-08-18 10:29:31.053071,2026-08-18 10:29:32.036820,0 days 00:00:00.983749,0.2534767561460711,8.486643884122538,0.26848962142956767,COMPLETE
24,1.39838262075464,2026-08-18 10:29:32.036958,2026-08-18 10:29:33.030571,0 days 00:00:00.993613,-0.6057079054290051,7.897276842369704,0.09831677734003388,COMPLETE
25,0.6259621882574644,2026-08-18 10:29:33.030714,2026-08-18 10:29:34.023158,0 days 00:00:00.992444,1.3031947386403009,0.16404151685054202,0.191831240003233,COMPLETE
26,0.7577726640157255,2026-08-18 10:29:34.023293,2026-08-18 10:29:35.013379,0 days 00:00:00.990086,1.3389881086629096,0.2837193446155055,0.21036904707564325,COMPLETE
27,0.7336321548409043,2026-08-18 10:29:35.013516,2026-08-18 10:29:36.029195,0 days 00:00:01.015679,1.174999765750814,0.13720551816356413,0.33309655405978567,COMPLETE
28,1.811294072382537,2026-08-18 10:29:36.029331,2026-08-18 10:29:37.028769,0 days 00:00:00.999438,1.2556943961337366,0.20106725164682018,0.5446449775290418,COMPLETE
29,0.8540657238170853,2026-08-18 10:29:37.028934,2026-08-18 10:29:38.021037,0 days 00:00:00.992103,2.257264391849179,0.14077214355636083,0.3333656368330154,COMPLETE
30,,2026-08-18 10:29:38.021175,2026-08-18 10:29:39.027482,0 days 00:00:01.006307,2.056682720486766,1.0404061379304124,0.46669369575227015,PRUNED
31,1.3119933567049504,2026-08-18 10:29:39.027591,2026-08-18 10:29:40.049425,0 days 00:00:01.021834,2.428710498919095,0.3715298216580857,0.32376243861899,COMPLETE
32,,2026-08-18 10:29:40.049557,2026-08-18 10:29:41.055263,0 days 00:00:01.005706,1.9364155973016404,1.451712015714773,0.23141187468400382,PRUNED
33,1.346647472668108,2026-08-18 10:29:41.055378,2026-08-18 10:29:42.075587,0 days 00:00:01.020209,1.1822144396297594,0.6097642818196473,0.31726520929635404,COMPLETE
34,,2026-08-18 10:29:42.075731,2026-08-18 10:29:43.075996,0 days 00:00:01.000265,1.7379129211424635,2.54464024530507,0.19419491669156408,PRUNED
35,,2026-08-18 10:29:43.076122,2026-08-18 10:29:44.073274,0 days 00:00:00.997152,1.0051284224420094,1.1714954370140114,0.4348994365947136,PRUNED
36,1.156337852487173,2026-08-18 10:29:44.073382,2026-08-18 10:29:45.068903,0 days 00:00:00.995521,2.2456637977556952,0.19464412811163673,0.34189186209635425,COMPLETE
37,,2026-08-18 10:29:45.069039,2026-08-18 10:29:46.067039,0 days 00:00:00.998000,1.430501887235238,2.0458700848290126,0.27616875051201956,PRUNED
38,2.60175965852257,2026-08-18 10:29:46.067150,2026-08-18 10:29:47.090233,0 days 00:00:01.023083,-2.984282108941966,0.7567662387524521,0.9499665278844468,COMPLETE
39,,2026-08-18 10:29:47.090365,2026-08-18 10:29:48.108973,0 days 00:00:01.018608,2.9784694348801786,1.3951420554116627,0.13888600903576465,PRUNED
40,2.0789320498043176,2026-08-18 10:29:48.109098,2026-08-18 10:29:49.148457,0 days 00:00:01.039359,-2.165915970637171,1.939837719321892,0.520193303669427,COMPLETE
41,,2026-08-18 10:29:49.148595,2026-08-18 10:29:50.167395,0 days 00:00:01.018800,0.8324141192274199,2.748721781080427,0.2091704919316536,PRUNED
42,,2026-08-18 10:29:50.167502,2026-08-18 10:29:51.193259,0 days 00:00:01.025757,1.771716372769025,0.7906149110007075,0.26741210351150646,PRUNED
43,0.8868204988539317,2026-08-18 10:29:51.193370,2026-08-18 10:29:52.213309,0 days 00:00:01.019939,1.448718592715033,0.10648660492082154,0.6093380049329253,COMPLETE
44,1.097775234762587,2026-08-18 10:29:52.213454,2026-08-18 10:29:53.231558,0 days 00:00:01.018104,2.5169276705757686,0.17323889372471712,0.6054824808381177,COMPLETE
45,,2026-08-18 10:29:53.231698,2026-08-18 10:29:54.229152,0 days 00:00:00.997454,1.6031301337382995,1.6079673270016137,0.7963788690238947,PRUNED
46,1.5304666859405773,2026-08-18 10:29:54.229261,2026-08-18 10:29:55.222860,0 days 00:00:00.993599,1.1368507712016096,0.8715704529137339,0.7765546799560495,COMPLETE
47,1.4503018025847672,2026-08-18 10:29:55.222998,2026-08-18 10:29:56.208728,0 days 00:00:00.985730,1.5021221554637245,0.5866671998831339,0.7443751289356761,COMPLETE
48,,2026-08-18 10:29:56.208865,2026-08-18 10:29:57.203876,0 days 00:00:00.995011,1.9494317878942549,1.1566654142559019,0.8600325721528848,PRUNED
49,,2026-08-18 10:29:57.203991,2026-08-18 10:29:58.209935,0 days 00:00:01.005944,2.660460343404216,2.1902551081691017,0.5729557142724214,PRUNED
50,1.1097830333548309,2026-08-18 10:29:58.210044,2026-08-18 10:29:59.216191,0 days 00:00:01.006147,0.7491991724065489,0.4758740518213991,0.4020688027514049,COMPLETE
51,1.0149146943109704,2026-08-18 10:29:59.216325,2026-08-18 10:30:00.225174,0 days 00:00:01.008849,0.47180085521203274,3.6754403890706557,0.06314851926740125,COMPLETE
52,0.5021230400360097,2026-08-18 10:30:00.225304,2026-08-18 10:30:01.247375,0 days 00:00:01.022071,1.2158545733017803,0.12794308147564168,0.16607503652366382,COMPLETE
53,0.48942035184771054,2026-08-18 10:30:01.247509,2026-08-18 10:30:02.261063,0 days 00:00:01.013554,1.2860697841999038,0.14403060146536742,0.14334259095005558,COMPLETE
54,1.3356568546415046,2026-08-18 10:30:02.261203,2026-08-18 10:30:03.259713,0 days 00:00:00.998510,1.0762923568869878,1.1606980766713066,0.1544414434879182,COMPLETE
55,1.4388213654688091,2026-08-18 10:30:03.259846,2026-08-18 10:30:04.260872,0 days 00:00:01.001026,1.2940630205569337,0.5411720549133111,0.25324136350141124,COMPLETE
56,,2026-08-18 10:30:04.261004,2026-08-18 10:30:05.257218,0 days 00:00:00.996214,1.8195232470193687,0.8577051670468147,0.30348163400016376,PRUNED
57,,2026-08-18 10:30:05.257335,2026-08-18 10:30:06.262157,0 days 00:00:01.004822,2.140231217856442,1.5476042535710868,0.18442425750199312,PRUNED
58,1.0342581028362356,2026-08-18 10:30:06.262265,2026-08-18 10:30:07.271065,0 days 00:00:01.008800,0.8786165896351372,0.49635305548949216,0.06363284897110225,COMPLETE
59,1.081346575714882,2026-08-18 10:30:07.271196,2026-08-18 10:30:08.297608,0 days 00:00:01.026412,0.5623710189522033,0.13403949105307522,0.35992268582873116,COMPLETE
60,1.064873948874271,2026-08-18 10:30:08.297749,2026-08-18 10:30:09.320115,0 days 00:00:01.022366,0.1858234392175675,1.2711352169337005,0.1103584912563259,COMPLETE
61,0.5246631361915162,2026-08-18 10:30:09.320247,2026-08-18 10:30:10.337014,0 days 00:00:01.016767,1.4704986312979182,0.10930869105102974,0.1443356853863108,COMPLETE
62,1.5957465785278788,2026-08-18 10:30:10.337150,2026-08-18 10:30:11.346460,0 days 00:00:01.009310,1.2890769796916255,0.9458138427393136,0.15341762767151948,COMPLETE
63,1.3753510627948016,2026-08-18 10:30:11.346596,2026-08-18 10:30:12.344242,0 days 00:00:00.997646,1.600829500502587,0.5521317946194471,0.21678172588458614,COMPLETE
64,1.445180804843981,2026-08-18 10:30:12.344378,2026-08-18 10:30:13.349421,0 days 00:00:01.005043,2.3531642461687197,0.38523224320806826,0.2445798347362193,COMPLETE
65,1.1167573966869835,2026-08-18 10:30:13.349556,2026-08-18 10:30:14.354159,0 days 00:00:01.004603,1.0068887509710702,1.7424689812343588,0.04719233267870328,COMPLETE
66,0.6632851088373998,2026-08-18 10:30:14.354298,2026-08-18 10:30:15.367152,0 days 00:00:01.012854,1.9542647653527476,0.1107033676106452,0.12910147174830675,COMPLETE
67,1.4332420249134619,2026-08-18 10:30:15.367288,2026-08-18 10:30:16.372020,0 days 00:00:01.004732,1.9152666334718524,0.8292668946503539,0.12778058170298606,COMPLETE
68,1.2513063797915442,2026-08-18 10:30:16.372157,2026-08-18 10:30:17.376984,0 days 00:00:01.004827,1.6285032949841853,0.386285077424768,0.17219703669819522,COMPLETE
69,1.3201454148712217,2026-08-18 10:30:17.377129,2026-08-18 10:30:18.392280,0 days 00:00:01.015151,1.39322034727614,0.9928528391422488,0.09862058702054083,COMPLETE
70,,2026-08-18 10:30:18.392413,2026-08-18 10:30:19.392213,0 days 00:00:00.999800,1.1756260684120137,1.379936666582925,0.19088497135270713,PRUNED
71,0.9951290866581841,2026-08-18 10:30:19.392324,2026-08-18 10:30:20.403215,0 days 00:00:01.010891,2.0779697519248987,0.18797283821269425,0.29709465727939544,COMPLETE
72,1.3893745394133028,2026-08-18 10:30:20.403351,2026-08-18 10:30:21.423990,0 days 00:00:01.020639,2.5866687850299335,0.6852316557928386,0.1367942575194395,COMPLETE
73,1.3072915666171,2026-08-18 10:30:21.424124,2026-08-18 10:30:22.437763,0 days 00:00:01.013639,1.7668394596216321,0.3745882140384966,0.22528145706383268,COMPLETE
74,2.744163506698299,2026-08-18 10:30:22.437895,2026-08-18 10:30:23.443293,0 days 00:00:01.005398,2.3448647743212234,0.14712198781233535,0.36675068763958085,COMPLETE
75,,2026-08-18 10:30:23.443428,2026-08-18 10:30:24.452048,0 days 00:00:01.008620,2.7501213135728175,0.6956692666194574,0.4391057963532875,PRUNED
76,1.3087855984502113,2026-08-18 10:30:24.452160,2026-08-18 10:30:25.448903,0 days 00:00:00.996743,1.0191908724925927,2.285611009393604,0.08456547837848921,COMPLETE
77,0.7948223687092556,2026-08-18 10:30:25.449044,2026-08-18 10:30:26.466083,0 days 00:00:01.017039,0.6640414040276934,1.0603005286984832,0.03219637309757839,COMPLETE
78,1.2190699330317454,2026-08-18 10:30:26.466218,2026-08-18 10:30:27.474944,0 days 00:00:01.008726,0.6538363468734787,1.765209829415589,0.12259010605949255,COMPLETE
79,0.7875365471385188,2026-08-18 10:30:27.475078,2026-08-18 10:30:28.487256,0 days 00:00:01.012178,0.914934654145465,1.1678560711308663,0.03633490247053329,COMPLETE
80,1.3394012803408308,2026-08-18 10:30:28.487386,2026-08-18 10:30:29.501899,0 days 00:00:01.014513,0.3572836319402028,3.087464154266333,0.16596945173890665,COMPLETE
81,0.7620949148012883,2026-08-18 10:30:29.502033,2026-08-18 10:30:30.536491,0 days 00:00:01.034458,0.06470378309789171,1.073593161647795,0.036794857790487245,COMPLETE
82,1.112317460304364,2026-08-18 10:30:30.536635,2026-08-18 10:30:31.566048,0 days 00:00:01.029413,-0.403737285410443,1.1994888201055847,0.05458462170030312,COMPLETE
83,0.8551303732052257,2026-08-18 10:30:31.566192,2026-08-18 10:30:32.607289,0 days 00:00:01.041097,1.4564342119281726,0.38557565799980104,0.031677266767978746,COMPLETE
84,0.7805500621793668,2026-08-18 10:30:32.607434,2026-08-18 10:30:33.621851,0 days 00:00:01.014417,0.843253699937333,0.698368557528171,0.0826110948927344,COMPLETE
85,1.1505060473945865,2026-08-18 10:30:33.621996,2026-08-18 10:30:34.660934,0 days 00:00:01.038938,-0.20786850378605448,0.6843102085045014,0.09304628135732287,COMPLETE
86,1.4340266787765714,2026-08-18 10:30:34.661162,2026-08-18 10:30:35.670122,0 days 00:00:01.008960,1.2899616562396377,0.9123987119264055,0.2111155622103375,COMPLETE
87,1.2495367774188637,2026-08-18 10:30:35.670276,2026-08-18 10:30:36.667543,0 days 00:00:00.997267,0.10769300665587309,1.5985586649962982,0.14995557340055837,COMPLETE
88,2.2593866914755325,2026-08-18 10:30:36.667723,2026-08-18 10:30:37.701766,0 days 00:00:01.034043,-1.0360261832131195,0.10098872198843767,0.11183336258472605,COMPLETE
89,0.6017254435261657,2026-08-18 10:30:37.701923,2026-08-18 10:30:38.727615,0 days 00:00:01.025692,0.7895796116693145,0.42936452258099544,0.08206329702889384,COMPLETE
90,1.0754946597551143,2026-08-18 10:30:38.727758,2026-08-18 10:30:39.731083,0 days 00:00:01.003325,1.6170842557661378,0.39690297920394224,0.17623124373183852,COMPLETE
91,0.9245385776834567,2026-08-18 10:30:39.731211,2026-08-18 10:30:40.754223,0 days 00:00:01.023012,0.03672595770558019,0.624366406042928,0.06683792669204362,COMPLETE
92,1.0952060910392263,2026-08-18 10:30:40.754360,2026-08-18 10:30:41.747316,0 days 00:00:00.992956,1.1851037099314659,0.3715110388127273,0.08260745257414837,COMPLETE
93,0.7470685384894407,2026-08-18 10:30:41.747451,2026-08-18 10:30:42.743464,0 days 00:00:00.996013,0.7757981930539776,0.786536900194736,0.000493511410405767,COMPLETE
94,0.8419829126848591,2026-08-18 10:30:42.743603,2026-08-18 10:30:43.737179,0 days 00:00:00.993576,1.5313481937473958,1.3651055407749066,0.014644119331897378,COMPLETE
95,,2026-08-18 10:30:43.737315,2026-08-18 10:30:44.734526,0 days 00:00:00.997211,1.3467521842933918,0.8970905444520485,0.24098570706143074,PRUNED
96,2.5418640623675066,2026-08-18 10:30:44.734643,2026-08-18 10:30:45.764383,0 days 00:00:01.029740,-2.609938728054237,0.3594820414498647,0.2003252378667883,COMPLETE
97,1.4131525971812253,2026-08-18 10:30:45.764515,2026-08-18 10:30:46.776670,0 days 00:00:01.012155,0.34716255377960875,6.430275875459209,0.13637217429057724,COMPLETE
98,1.2517514879108331,2026-08-18 10:30:46.776803,2026-08-18 10:30:47.787144,0 days 00:00:01.010341,1.0518160841754831,1.0233667754764777,0.1124773167395855,COMPLETE
99,1.2140296866550815,2026-08-18 10:30:47.787278,2026-08-18 10:30:48.806596,0 days 00:00:01.019318,0.763448523214206,0.5534190919512281,0.2632209046407102,COMPLETE
100,0.7435741128729025,2026-08-18 10:30:48.806731,2026-08-18 10:30:49.827303,0 days 00:00:01.020572,0.5672652475515277,0.22919324633029345,0.05346446268947422,COMPLETE
101,0.704916646799045,2026-08-18 10:30:49.827441,2026-08-18 10:30:50.860166,0 days 00:00:01.032725,0.519798377067671,0.2810935960693657,0.0461305312331135,COMPLETE
102,0.705402478792996,2026-08-18 10:30:50.860296,2026-08-18 10:30:51.879207,0 days 00:00:01.018911,0.5310728543363052,0.24017524205931506,0.00427962284912334,COMPLETE
103,0.6092763187428463,2026-08-18 10:30:51.879345,2026-08-18 10:30:52.903676,0 days 00:00:01.024331,0.543281824633979,0.29033987677619544,0.003752900604502788,COMPLETE
104,1.1725727592121393,2026-08-18 10:30:52.903809,2026-08-18 10:30:53.923843,0 days 00:00:01.020034,0.5477701871956896,0.1003491789761681,0.062195359737985366,COMPLETE
105,0.840797609540542,2026-08-18 10:30:53.923978,2026-08-18 10:30:54.968715,0 days 00:00:01.044737,0.4555807185676251,0.25959972359311567,0.022934230470117157,COMPLETE
106,1.0403125021915622,2026-08-18 10:30:54.968855,2026-08-18 10:30:55.981463,0 days 00:00:01.012608,0.25658545292929147,5.360460901807311,0.05062556840087659,COMPLETE
107,0.9203945198058617,2026-08-18 10:30:55.981611,2026-08-18 10:30:57.024391,0 days 00:00:01.042780,0.5825617241092631,0.5232261430081194,0.09923172221783376,COMPLETE
108,0.3423670260092157,2026-08-18 10:30:57.024541,2026-08-18 10:30:58.034606,0 days 00:00:01.010065,1.2028466400960793,0.2967858007027015,0.01608675653401969,COMPLETE
109,0.874772414968427,2026-08-18 10:30:58.034757,2026-08-18 10:30:59.046609,0 days 00:00:01.011852,1.1939180571602896,0.5381729987368308,0.01898558110245844,COMPLETE
110,0.9730736987670033,2026-08-18 10:30:59.046768,2026-08-18 10:31:00.078587,0 days 00:00:01.031819,0.9103204015870137,0.7728040510579333,0.00028684265210677205,COMPLETE
111,0.42642387679524885,2026-08-18 10:31:00.078717,2026-08-18 10:31:01.108006,0 days 00:00:01.029289,1.0941454338240626,0.281435562372431,0.07960622943964438,COMPLETE
112,1.9198578302735685,2026-08-18 10:31:01.108143,2026-08-18 10:31:02.100513,0 days 00:00:00.992370,1.043088782025505,0.3579675545996944,0.15309706399398065,COMPLETE
113,0.8736812754503895,2026-08-18 10:31:02.100689,2026-08-18 10:31:03.103706,0 days 00:00:01.003017,1.912097311265149,0.3150220917048514,0.12837743005396926,COMPLETE
114,0.5703312327257475,2026-08-18 10:31:03.103840,2026-08-18 10:31:04.105870,0 days 00:00:01.002030,1.0995828145220967,0.1008958322790301,0.043958370824043,COMPLETE
115,1.8080141898610178,2026-08-18 10:31:04.106008,2026-08-18 10:31:05.107532,0 days 00:00:01.001524,1.1241680314352487,0.5502356730631464,0.06592637671387232,COMPLETE
116,1.9881605929761244,2026-08-18 10:31:05.107670,2026-08-18 10:31:06.103734,0 days 00:00:00.996064,1.7019956134641323,0.27900130209648777,0.10426065044208015,COMPLETE
117,0.9573284891823391,2026-08-18 10:31:06.103881,2026-08-18 10:31:07.119264,0 days 00:00:01.015383,0.6896628558303222,0.12507820325236502,0.07912061424137533,COMPLETE
118,1.4420378564728284,2026-08-18 10:31:07.119398,2026-08-18 10:31:08.122644,0 days 00:00:01.003246,0.9456922238884128,0.7107879000285686,0.039924852921727594,COMPLETE
119,1.1688175786454045,2026-08-18 10:31:08.122786,2026-08-18 10:31:09.137032,0 days 00:00:01.014246,1.416499955266118,0.9161430639243076,0.07927077757181357,COMPLETE
120,0.456080310790664,2026-08-18 10:31:09.137166,2026-08-18 10:31:10.165124,0 days 00:00:01.027958,1.2930048704350128,0.10213465125270815,0.022117036573237964,COMPLETE
121,0.8115507262662903,2026-08-18 10:31:10.165259,2026-08-18 10:31:11.173034,0 days 00:00:01.007775,1.2399632540470438,0.49980708545440705,0.02080512710542387,COMPLETE
122,0.39313915577300146,2026-08-18 10:31:11.173174,2026-08-18 10:31:12.177561,0 days 00:00:01.004387,1.5046977725075927,0.11693338277961669,0.0003132354060609412,COMPLETE
123,0.8026126859379529,2026-08-18 10:31:12.177702,2026-08-18 10:31:13.177203,0 days 00:00:00.999501,1.517251719874793,0.5133860098984483,0.050779598730689046,COMPLETE
124,0.5736716118346133,2026-08-18 10:31:13.177336,2026-08-18 10:31:14.187253,0 days 00:00:01.009917,1.3595559517208013,0.12577378900891084,0.17991152260210355,COMPLETE
125,0.7727812701768086,2026-08-18 10:31:14.187387,2026-08-18 10:31:15.199482,0 days 00:00:01.012095,1.8033616375262693,0.10223105501053859,0.18917707732366335,COMPLETE
126,1.2733956801827289,2026-08-18 10:31:15.199626,2026-08-18 10:31:16.209925,0 days 00:00:01.010299,1.3180340092719673,0.7766300691558439,0.16282084791769963,COMPLETE
127,1.1679755682516544,2026-08-18 10:31:16.210057,2026-08-18 10:31:17.204542,0 days 00:00:00.994485,1.501806126303702,0.4265563018680889,0.13841805161924808,COMPLETE
128,0.5434713207737103,2026-08-18 10:31:17.204684,2026-08-18 10:31:18.241602,0 days 00:00:01.036918,1.1479703634828446,0.1070834512678455,0.11620970737964946,COMPLETE
129,1.070194131847409,2026-08-18 10:31:18.241749,2026-08-18 10:31:19.255376,0 days 00:00:01.013627,1.0527008462468357,0.6096080366778821,0.108008759588213,COMPLETE
130,,2026-08-18 10:31:19.255512,2026-08-18 10:31:20.257443,0 days 00:00:01.001931,1.3731928238064197,1.278784243329502,0.1744408754756458,PRUNED
131,0.5085566565905653,2026-08-18 10:31:20.257557,2026-08-18 10:31:21.285375,0 days 00:00:01.027818,1.173057400385987,0.13179324264803816,0.12301105650394646,COMPLETE
132,2.3877363788391923,2026-08-18 10:31:21.285508,2026-08-18 10:31:22.283770,0 days 00:00:00.998262,1.1936645852485674,0.3519698125121201,0.14791762509152415,COMPLETE
133,0.6886912465705002,2026-08-18 10:31:22.283907,2026-08-18 10:31:23.311893,0 days 00:00:01.027986,0.8801960461031292,0.11078980306181721,0.09004508113457683,COMPLETE
